<?xml version="1.0" encoding="UTF-8"?>
<!-- Generated by org.testng.reporters.JUnitReportReporter -->
<testsuite skipped="0" hostname="KFAutie-S47" name="com.wbl.seleniumGrid.GridTest" tests="1" failures="0" timestamp="21 Jun 2017 23:57:42 GMT" time="4.638" errors="0">
  <testcase name="getTitle" time="4.638" classname="com.wbl.seleniumGrid.GridTest"/>
</testsuite> <!-- com.wbl.seleniumGrid.GridTest -->
